[debug] [2026-03-05T04:01:51.130Z] ----------------------------------------------------------------------
[debug] [2026-03-05T04:01:51.136Z] Command:       C:\Program Files\nodejs\node.exe C:\Users\saite\AppData\Roaming\npm\node_modules\firebase-tools\lib\bin\firebase.js init
[debug] [2026-03-05T04:01:51.137Z] CLI Version:   15.8.0
[debug] [2026-03-05T04:01:51.137Z] Platform:      win32
[debug] [2026-03-05T04:01:51.137Z] Node Version:  v24.12.0
[debug] [2026-03-05T04:01:51.137Z] Time:          Thu Mar 05 2026 09:31:51 GMT+0530 (India Standard Time)
[debug] [2026-03-05T04:01:51.138Z] ----------------------------------------------------------------------
[debug] 
[info] 
     ######## #### ########  ######## ########     ###     ######  ########
     ##        ##  ##     ## ##       ##     ##  ##   ##  ##       ##
     ######    ##  ########  ######   ########  #########  ######  ######
     ##        ##  ##    ##  ##       ##     ## ##     ##       ## ##
     ##       #### ##     ## ######## ########  ##     ##  ######  ########

You're about to initialize a Firebase project in this directory:

  C:\Users\saite\OneDrive\DOCZZ\Desktop\SaiTech Hub

[debug] [2026-03-05T04:01:52.991Z] ----------------------------------------------------------------------
[debug] [2026-03-05T04:01:52.999Z] Command:       C:\Program Files\nodejs\node.exe C:\Users\saite\AppData\Roaming\npm\node_modules\firebase-tools\lib\bin\firebase.js init hosting
[debug] [2026-03-05T04:01:53.000Z] CLI Version:   15.8.0
[debug] [2026-03-05T04:01:53.001Z] Platform:      win32
[debug] [2026-03-05T04:01:53.002Z] Node Version:  v24.12.0
[debug] [2026-03-05T04:01:53.003Z] Time:          Thu Mar 05 2026 09:31:53 GMT+0530 (India Standard Time)
[debug] [2026-03-05T04:01:53.004Z] ----------------------------------------------------------------------
[debug] 
[info] 
     ######## #### ########  ######## ########     ###     ######  ########
     ##        ##  ##     ## ##       ##     ##  ##   ##  ##       ##
     ######    ##  ########  ######   ########  #########  ######  ######
     ##        ##  ##    ##  ##       ##     ## ##     ##       ## ##
     ##       #### ##     ## ######## ########  ##     ##  ######  ########

You're about to initialize a Firebase project in this directory:

  C:\Users\saite\OneDrive\DOCZZ\Desktop\SaiTech Hub

[info] 
=== Project Setup
[info] 
[info] First, let's associate this project directory with a Firebase project.
[info] You can create multiple project aliases by running firebase use --add, 
[info] 
[debug] [2026-03-05T04:02:08.562Z] > command requires scopes: ["email","openid","https://www.googleapis.com/auth/cloudplatformprojects.readonly","https://www.googleapis.com/auth/firebase","https://www.googleapis.com/auth/cloud-platform"]
[debug] [2026-03-05T04:02:08.563Z] > authorizing via signed-in user (saitejagadu21@gmail.com)
[debug] [2026-03-05T04:02:08.565Z] Checked if tokens are valid: true, expires at: 1772686454342
[debug] [2026-03-05T04:02:08.565Z] Checked if tokens are valid: true, expires at: 1772686454342
[debug] [2026-03-05T04:02:08.567Z] >>> [apiv2][query] GET https://firebase.googleapis.com/v1beta1/projects pageSize=100
[debug] [2026-03-05T04:02:09.728Z] <<< [apiv2][status] GET https://firebase.googleapis.com/v1beta1/projects 200
[debug] [2026-03-05T04:02:09.728Z] <<< [apiv2][body] GET https://firebase.googleapis.com/v1beta1/projects [omitted]
[info] 
=== Hosting Setup
[debug] [2026-03-05T04:02:12.998Z] Checked if tokens are valid: true, expires at: 1772686454342
[debug] [2026-03-05T04:02:12.998Z] Checked if tokens are valid: true, expires at: 1772686454342
[debug] [2026-03-05T04:02:12.999Z] >>> [apiv2][query] GET https://firebase.googleapis.com/v1beta1/projects/portfolio-d5f52 [none]
[debug] [2026-03-05T04:02:13.413Z] <<< [apiv2][status] GET https://firebase.googleapis.com/v1beta1/projects/portfolio-d5f52 200
[debug] [2026-03-05T04:02:13.414Z] <<< [apiv2][body] GET https://firebase.googleapis.com/v1beta1/projects/portfolio-d5f52 {"projectId":"portfolio-d5f52","projectNumber":"574942365843","displayName":"portfolio","name":"projects/portfolio-d5f52","resources":{"hostingSite":"portfolio-d5f52"},"state":"ACTIVE","etag":"1_dd968235-ba19-4d5a-8c31-dd191517ed49"}
[info] 
[info] Your public directory is the folder (relative to your project directory) that
[info] will contain Hosting assets to be uploaded with firebase deploy. If you
[info] have a build process for your assets, use your build's output directory.
[info] 
[info] 
=== Project Setup
[info] 
[info] First, let's associate this project directory with a Firebase project.
[info] You can create multiple project aliases by running firebase use --add, 
[info] 
[info] 
[info] i  Didn't detect a .git folder. Assuming C:\Users\saite\OneDrive\DOCZZ\Desktop\SaiTech Hub is the project root. 
[info] i  Authorizing with GitHub to upload your service account to a GitHub repository's secrets store. 
[info] 
[info] Visit this URL on this device to log in:
[info] https://github.com/login/oauth/authorize?client_id=89cf50f02ac6aaed3484&state=517238144&redirect_uri=http%3A%2F%2Flocalhost%3A9005&scope=read%3Auser%20repo%20public_repo
[info] 
[info] Waiting for authentication...
[debug] [2026-03-05T04:04:55.997Z] ----------------------------------------------------------------------
[debug] [2026-03-05T04:04:56.004Z] Command:       C:\Program Files\nodejs\node.exe C:\Users\saite\OneDrive\DOCZZ\Desktop\SaiTech Hub\node_modules\firebase-tools\lib\bin\firebase.js login:ci
[debug] [2026-03-05T04:04:56.005Z] CLI Version:   15.8.0
[debug] [2026-03-05T04:04:56.006Z] Platform:      win32
[debug] [2026-03-05T04:04:56.006Z] Node Version:  v24.12.0
[debug] [2026-03-05T04:04:56.006Z] Time:          Thu Mar 05 2026 09:34:56 GMT+0530 (India Standard Time)
[debug] [2026-03-05T04:04:56.006Z] ----------------------------------------------------------------------
[debug] 
[warn] !  Authenticating with a `login:ci` token is deprecated and will be removed in a future major version of `firebase-tools`. Instead, use a service account key with `GOOGLE_APPLICATION_CREDENTIALS`: https://cloud.google.com/docs/authentication/getting-started 
[info] 
[info] Visit this URL on this device to log in:
[info] https://accounts.google.com/o/oauth2/auth?client_id=563584335869-fgrhgmd47bqnekij5i8b5pr03ho849e6.apps.googleusercontent.com&scope=email%20openid%20https%3A%2F%2Fwww.googleapis.com%2Fauth%2Fcloudplatformprojects.readonly%20https%3A%2F%2Fwww.googleapis.com%2Fauth%2Ffirebase%20https%3A%2F%2Fwww.googleapis.com%2Fauth%2Fcloud-platform&response_type=code&state=210226284&redirect_uri=http%3A%2F%2Flocalhost%3A9005
[info] 
[info] Waiting for authentication...
